d:\codes\engine4\engine4\debug\vc142.pdb
d:\codes\engine4\engine4\debug\vc142.idb
d:\codes\engine4\engine4\debug\window.obj
d:\codes\engine4\engine4\debug\main.obj
d:\codes\engine4\engine4\debug\coreengine.obj
d:\codes\engine4\debug\engine4.ilk
d:\codes\engine4\debug\engine4.exe
d:\codes\engine4\debug\engine4.pdb
d:\engine4\engine4\debug\coreengine.obj
d:\engine4\engine4\debug\main.obj
d:\engine4\engine4\debug\window.obj
d:\engine4\engine4\debug\vc142.idb
d:\engine4\engine4\debug\vc142.pdb
d:\engine4\debug\engine4.pdb
d:\engine4\debug\engine4.exe
d:\engine4\debug\engine4.ilk
d:\engine4\engine4\debug\engine4.tlog\cl.command.1.tlog
d:\engine4\engine4\debug\engine4.tlog\cl.read.1.tlog
d:\engine4\engine4\debug\engine4.tlog\cl.write.1.tlog
d:\engine4\engine4\debug\engine4.tlog\link.command.1.tlog
d:\engine4\engine4\debug\engine4.tlog\link.read.1.tlog
d:\engine4\engine4\debug\engine4.tlog\link.write.1.tlog
